<?xml version="1.0" encoding="UTF-8"?>
<testsuite xmlns:xsi="http://www.w3.org/2001/XMLSchema-instance" xsi:noNamespaceSchemaLocation="https://maven.apache.org/surefire/maven-surefire-plugin/xsd/surefire-test-report.xsd" name="progs.kos.AppTest" time="0.048" tests="1" errors="0" skipped="0" failures="0">
  <properties>
    <property name="sun.desktop" value="windows"/>
    <property name="awt.toolkit" value="sun.awt.windows.WToolkit"/>
    <property name="file.encoding.pkg" value="sun.io"/>
    <property name="java.specification.version" value="1.8"/>
    <property name="sun.cpu.isalist" value="amd64"/>
    <property name="sun.jnu.encoding" value="Cp1251"/>
    <property name="java.class.path" value="C:\Users\User\Desktop\projects\php\music\php-getting-started\music-status-java\target\test-classes;C:\Users\User\Desktop\projects\php\music\php-getting-started\music-status-java\target\classes;C:\Users\User\.m2\repository\junit\junit\4.13.2\junit-4.13.2.jar;C:\Users\User\.m2\repository\org\hamcrest\hamcrest-core\1.3\hamcrest-core-1.3.jar;C:\Users\User\.m2\repository\com\vk\api\sdk\1.0.14\sdk-1.0.14.jar;C:\Users\User\.m2\repository\org\slf4j\slf4j-api\1.7.26\slf4j-api-1.7.26.jar;C:\Users\User\.m2\repository\org\apache\commons\commons-text\1.6\commons-text-1.6.jar;C:\Users\User\.m2\repository\org\asynchttpclient\async-http-client\2.8.1\async-http-client-2.8.1.jar;C:\Users\User\.m2\repository\org\asynchttpclient\async-http-client-netty-utils\2.8.1\async-http-client-netty-utils-2.8.1.jar;C:\Users\User\.m2\repository\io\netty\netty-buffer\4.1.33.Final\netty-buffer-4.1.33.Final.jar;C:\Users\User\.m2\repository\io\netty\netty-codec-http\4.1.33.Final\netty-codec-http-4.1.33.Final.jar;C:\Users\User\.m2\repository\io\netty\netty-common\4.1.33.Final\netty-common-4.1.33.Final.jar;C:\Users\User\.m2\repository\io\netty\netty-transport\4.1.33.Final\netty-transport-4.1.33.Final.jar;C:\Users\User\.m2\repository\io\netty\netty-codec\4.1.33.Final\netty-codec-4.1.33.Final.jar;C:\Users\User\.m2\repository\io\netty\netty-handler\4.1.33.Final\netty-handler-4.1.33.Final.jar;C:\Users\User\.m2\repository\io\netty\netty-codec-socks\4.1.33.Final\netty-codec-socks-4.1.33.Final.jar;C:\Users\User\.m2\repository\io\netty\netty-handler-proxy\4.1.33.Final\netty-handler-proxy-4.1.33.Final.jar;C:\Users\User\.m2\repository\io\netty\netty-transport-native-epoll\4.1.33.Final\netty-transport-native-epoll-4.1.33.Final-linux-x86_64.jar;C:\Users\User\.m2\repository\io\netty\netty-transport-native-unix-common\4.1.33.Final\netty-transport-native-unix-common-4.1.33.Final.jar;C:\Users\User\.m2\repository\io\netty\netty-resolver-dns\4.1.33.Final\netty-resolver-dns-4.1.33.Final.jar;C:\Users\User\.m2\repository\io\netty\netty-resolver\4.1.33.Final\netty-resolver-4.1.33.Final.jar;C:\Users\User\.m2\repository\io\netty\netty-codec-dns\4.1.33.Final\netty-codec-dns-4.1.33.Final.jar;C:\Users\User\.m2\repository\org\reactivestreams\reactive-streams\1.0.2\reactive-streams-1.0.2.jar;C:\Users\User\.m2\repository\com\typesafe\netty\netty-reactive-streams\2.0.0\netty-reactive-streams-2.0.0.jar;C:\Users\User\.m2\repository\com\sun\activation\javax.activation\1.2.0\javax.activation-1.2.0.jar;C:\Users\User\.m2\repository\org\apache\httpcomponents\httpmime\4.5.8\httpmime-4.5.8.jar;C:\Users\User\.m2\repository\org\apache\logging\log4j\log4j-slf4j-impl\2.17.1\log4j-slf4j-impl-2.17.1.jar;C:\Users\User\.m2\repository\org\apache\logging\log4j\log4j-api\2.17.1\log4j-api-2.17.1.jar;C:\Users\User\.m2\repository\org\apache\logging\log4j\log4j-core\2.17.1\log4j-core-2.17.1.jar;C:\Users\User\.m2\repository\mysql\mysql-connector-java\8.0.28\mysql-connector-java-8.0.28.jar;C:\Users\User\.m2\repository\com\google\protobuf\protobuf-java\3.11.4\protobuf-java-3.11.4.jar;C:\Users\User\.m2\repository\org\apache\httpcomponents\httpclient\4.5.13\httpclient-4.5.13.jar;C:\Users\User\.m2\repository\org\apache\httpcomponents\httpcore\4.4.13\httpcore-4.4.13.jar;C:\Users\User\.m2\repository\commons-logging\commons-logging\1.2\commons-logging-1.2.jar;C:\Users\User\.m2\repository\commons-codec\commons-codec\1.11\commons-codec-1.11.jar;C:\Users\User\.m2\repository\org\apache\commons\commons-lang3\3.12.0\commons-lang3-3.12.0.jar;C:\Users\User\.m2\repository\org\apache\commons\commons-collections4\4.4\commons-collections4-4.4.jar;C:\Users\User\.m2\repository\commons-io\commons-io\2.11.0\commons-io-2.11.0.jar;C:\Users\User\.m2\repository\com\google\code\gson\gson\2.9.0\gson-2.9.0.jar;C:\Users\User\.m2\repository\com\alibaba\fastjson\1.2.80\fastjson-1.2.80.jar;"/>
    <property name="java.vm.vendor" value="Oracle Corporation"/>
    <property name="sun.arch.data.model" value="64"/>
    <property name="user.variant" value=""/>
    <property name="java.vendor.url" value="http://java.oracle.com/"/>
    <property name="user.timezone" value="Asia/Irkutsk"/>
    <property name="java.vm.specification.version" value="1.8"/>
    <property name="os.name" value="Windows 10"/>
    <property name="user.country" value="RU"/>
    <property name="sun.java.launcher" value="SUN_STANDARD"/>
    <property name="sun.boot.library.path" value="C:\Program Files\Java\jdk1.8.0_321\jre\bin"/>
    <property name="sun.java.command" value="C:\Users\User\AppData\Local\Temp\surefire4482184389860130182\surefirebooter3895697583727580957.jar C:\Users\User\AppData\Local\Temp\surefire4482184389860130182 2022-04-04T20-07-03_184-jvmRun1 surefire6848711611273844218tmp surefire_03044616377040394334tmp"/>
    <property name="surefire.test.class.path" value="C:\Users\User\Desktop\projects\php\music\php-getting-started\music-status-java\target\test-classes;C:\Users\User\Desktop\projects\php\music\php-getting-started\music-status-java\target\classes;C:\Users\User\.m2\repository\junit\junit\4.13.2\junit-4.13.2.jar;C:\Users\User\.m2\repository\org\hamcrest\hamcrest-core\1.3\hamcrest-core-1.3.jar;C:\Users\User\.m2\repository\com\vk\api\sdk\1.0.14\sdk-1.0.14.jar;C:\Users\User\.m2\repository\org\slf4j\slf4j-api\1.7.26\slf4j-api-1.7.26.jar;C:\Users\User\.m2\repository\org\apache\commons\commons-text\1.6\commons-text-1.6.jar;C:\Users\User\.m2\repository\org\asynchttpclient\async-http-client\2.8.1\async-http-client-2.8.1.jar;C:\Users\User\.m2\repository\org\asynchttpclient\async-http-client-netty-utils\2.8.1\async-http-client-netty-utils-2.8.1.jar;C:\Users\User\.m2\repository\io\netty\netty-buffer\4.1.33.Final\netty-buffer-4.1.33.Final.jar;C:\Users\User\.m2\repository\io\netty\netty-codec-http\4.1.33.Final\netty-codec-http-4.1.33.Final.jar;C:\Users\User\.m2\repository\io\netty\netty-common\4.1.33.Final\netty-common-4.1.33.Final.jar;C:\Users\User\.m2\repository\io\netty\netty-transport\4.1.33.Final\netty-transport-4.1.33.Final.jar;C:\Users\User\.m2\repository\io\netty\netty-codec\4.1.33.Final\netty-codec-4.1.33.Final.jar;C:\Users\User\.m2\repository\io\netty\netty-handler\4.1.33.Final\netty-handler-4.1.33.Final.jar;C:\Users\User\.m2\repository\io\netty\netty-codec-socks\4.1.33.Final\netty-codec-socks-4.1.33.Final.jar;C:\Users\User\.m2\repository\io\netty\netty-handler-proxy\4.1.33.Final\netty-handler-proxy-4.1.33.Final.jar;C:\Users\User\.m2\repository\io\netty\netty-transport-native-epoll\4.1.33.Final\netty-transport-native-epoll-4.1.33.Final-linux-x86_64.jar;C:\Users\User\.m2\repository\io\netty\netty-transport-native-unix-common\4.1.33.Final\netty-transport-native-unix-common-4.1.33.Final.jar;C:\Users\User\.m2\repository\io\netty\netty-resolver-dns\4.1.33.Final\netty-resolver-dns-4.1.33.Final.jar;C:\Users\User\.m2\repository\io\netty\netty-resolver\4.1.33.Final\netty-resolver-4.1.33.Final.jar;C:\Users\User\.m2\repository\io\netty\netty-codec-dns\4.1.33.Final\netty-codec-dns-4.1.33.Final.jar;C:\Users\User\.m2\repository\org\reactivestreams\reactive-streams\1.0.2\reactive-streams-1.0.2.jar;C:\Users\User\.m2\repository\com\typesafe\netty\netty-reactive-streams\2.0.0\netty-reactive-streams-2.0.0.jar;C:\Users\User\.m2\repository\com\sun\activation\javax.activation\1.2.0\javax.activation-1.2.0.jar;C:\Users\User\.m2\repository\org\apache\httpcomponents\httpmime\4.5.8\httpmime-4.5.8.jar;C:\Users\User\.m2\repository\org\apache\logging\log4j\log4j-slf4j-impl\2.17.1\log4j-slf4j-impl-2.17.1.jar;C:\Users\User\.m2\repository\org\apache\logging\log4j\log4j-api\2.17.1\log4j-api-2.17.1.jar;C:\Users\User\.m2\repository\org\apache\logging\log4j\log4j-core\2.17.1\log4j-core-2.17.1.jar;C:\Users\User\.m2\repository\mysql\mysql-connector-java\8.0.28\mysql-connector-java-8.0.28.jar;C:\Users\User\.m2\repository\com\google\protobuf\protobuf-java\3.11.4\protobuf-java-3.11.4.jar;C:\Users\User\.m2\repository\org\apache\httpcomponents\httpclient\4.5.13\httpclient-4.5.13.jar;C:\Users\User\.m2\repository\org\apache\httpcomponents\httpcore\4.4.13\httpcore-4.4.13.jar;C:\Users\User\.m2\repository\commons-logging\commons-logging\1.2\commons-logging-1.2.jar;C:\Users\User\.m2\repository\commons-codec\commons-codec\1.11\commons-codec-1.11.jar;C:\Users\User\.m2\repository\org\apache\commons\commons-lang3\3.12.0\commons-lang3-3.12.0.jar;C:\Users\User\.m2\repository\org\apache\commons\commons-collections4\4.4\commons-collections4-4.4.jar;C:\Users\User\.m2\repository\commons-io\commons-io\2.11.0\commons-io-2.11.0.jar;C:\Users\User\.m2\repository\com\google\code\gson\gson\2.9.0\gson-2.9.0.jar;C:\Users\User\.m2\repository\com\alibaba\fastjson\1.2.80\fastjson-1.2.80.jar;"/>
    <property name="sun.cpu.endian" value="little"/>
    <property name="user.home" value="C:\Users\User"/>
    <property name="user.language" value="ru"/>
    <property name="java.specification.vendor" value="Oracle Corporation"/>
    <property name="java.home" value="C:\Program Files\Java\jdk1.8.0_321\jre"/>
    <property name="basedir" value="C:\Users\User\Desktop\projects\php\music\php-getting-started\music-status-java"/>
    <property name="file.separator" value="\"/>
    <property name="line.separator" value="&#10;"/>
    <property name="java.vm.specification.vendor" value="Oracle Corporation"/>
    <property name="java.specification.name" value="Java Platform API Specification"/>
    <property name="java.awt.graphicsenv" value="sun.awt.Win32GraphicsEnvironment"/>
    <property name="surefire.real.class.path" value="C:\Users\User\AppData\Local\Temp\surefire4482184389860130182\surefirebooter3895697583727580957.jar"/>
    <property name="sun.boot.class.path" value="C:\Program Files\Java\jdk1.8.0_321\jre\lib\resources.jar;C:\Program Files\Java\jdk1.8.0_321\jre\lib\rt.jar;C:\Program Files\Java\jdk1.8.0_321\jre\lib\sunrsasign.jar;C:\Program Files\Java\jdk1.8.0_321\jre\lib\jsse.jar;C:\Program Files\Java\jdk1.8.0_321\jre\lib\jce.jar;C:\Program Files\Java\jdk1.8.0_321\jre\lib\charsets.jar;C:\Program Files\Java\jdk1.8.0_321\jre\lib\jfr.jar;C:\Program Files\Java\jdk1.8.0_321\jre\classes"/>
    <property name="user.script" value=""/>
    <property name="sun.management.compiler" value="HotSpot 64-Bit Tiered Compilers"/>
    <property name="java.runtime.version" value="1.8.0_321-b07"/>
    <property name="user.name" value="User"/>
    <property name="path.separator" value=";"/>
    <property name="os.version" value="10.0"/>
    <property name="java.endorsed.dirs" value="C:\Program Files\Java\jdk1.8.0_321\jre\lib\endorsed"/>
    <property name="java.runtime.name" value="Java(TM) SE Runtime Environment"/>
    <property name="file.encoding" value="Cp1251"/>
    <property name="java.vm.name" value="Java HotSpot(TM) 64-Bit Server VM"/>
    <property name="localRepository" value="C:\Users\User\.m2\repository"/>
    <property name="java.vendor.url.bug" value="http://bugreport.sun.com/bugreport/"/>
    <property name="java.io.tmpdir" value="C:\Users\User\AppData\Local\Temp\"/>
    <property name="idea.version" value="2021.3"/>
    <property name="java.version" value="1.8.0_321"/>
    <property name="user.dir" value="C:\Users\User\Desktop\projects\php\music\php-getting-started\music-status-java"/>
    <property name="os.arch" value="amd64"/>
    <property name="java.vm.specification.name" value="Java Virtual Machine Specification"/>
    <property name="java.awt.printerjob" value="sun.awt.windows.WPrinterJob"/>
    <property name="sun.os.patch.level" value=""/>
    <property name="java.library.path" value="C:\Program Files\Java\jdk1.8.0_321\jre\bin;C:\Windows\Sun\Java\bin;C:\Windows\system32;C:\Windows;C:\Program Files\Common Files\Oracle\Java\javapath;C:\Program Files (x86)\Common Files\Oracle\Java\javapath;C:\Program Files (x86)\Common Files\Intel\Shared Libraries\redist\intel64\compiler;C:\Windows\system32;C:\Windows;C:\Windows\System32\Wbem;C:\Windows\System32\WindowsPowerShell\v1.0\;C:\Windows\System32\OpenSSH\;C:\Program Files\NVIDIA Corporation\NVIDIA NvDLISR;C:\Program Files (x86)\NVIDIA Corporation\PhysX\Common;C:\Program Files\Git\cmd;C:\Program Files\Java\jdk-17.0.2\bin;C:\Program Files (x86)\NoteBook FanControl\;C:\Users\User\AppData\Local\Microsoft\WindowsApps;;."/>
    <property name="java.vm.info" value="mixed mode"/>
    <property name="java.vendor" value="Oracle Corporation"/>
    <property name="java.vm.version" value="25.321-b07"/>
    <property name="java.ext.dirs" value="C:\Program Files\Java\jdk1.8.0_321\jre\lib\ext;C:\Windows\Sun\Java\lib\ext"/>
    <property name="sun.io.unicode.encoding" value="UnicodeLittle"/>
    <property name="java.class.version" value="52.0"/>
  </properties>
  <testcase name="shouldAnswerWithTrue" classname="progs.kos.AppTest" time="0.003"/>
</testsuite>